生成启动时间为 2020/3/21 11:19:23。
     1>项目“F:\mygithub\xBrain\SCL\scl\scl\scl.vcxproj”在节点 2 上(Build 个目标)。
     1>ClCompile:
         C:\Program Files (x86)\Microsoft Visual Studio 12.0\VC\bin\CL.exe /c /IF:\mygithub\xBrain\SCL\include /ZI /nologo /W3 /WX- /Od /Oy- /D WIN32 /D _DEBUG /D _CONSOLE /D _LIB /D _UNICODE /D UNICODE /Gm /EHsc /RTC1 /MDd /GS /fp:precise /Zc:wchar_t /Zc:forScope /Fo"Debug\\" /Fd"Debug\vc120.pdb" /Gd /TC /analyze- /errorReport:prompt ..\..\src\dlist.c ..\..\test\testlink.c
         testlink.c
     1>f:\mygithub\xbrain\scl\test\testlink.c(24): warning C4013: “printf”未定义；假设外部返回 int
         dlist.c
         正在生成代码...
       Link:
         C:\Program Files (x86)\Microsoft Visual Studio 12.0\VC\bin\link.exe /ERRORREPORT:PROMPT /OUT:"F:\mygithub\xBrain\SCL\scl\Debug\scl.exe" /INCREMENTAL /NOLOGO kernel32.lib user32.lib gdi32.lib winspool.lib comdlg32.lib advapi32.lib shell32.lib ole32.lib oleaut32.lib uuid.lib odbc32.lib odbccp32.lib /MANIFEST /MANIFESTUAC:"level='asInvoker' uiAccess='false'" /manifest:embed /DEBUG /PDB:"F:\mygithub\xBrain\SCL\scl\Debug\scl.pdb" /SUBSYSTEM:CONSOLE /TLBID:1 /DYNAMICBASE /NXCOMPAT /IMPLIB:"F:\mygithub\xBrain\SCL\scl\Debug\scl.lib" /MACHINE:X86 Debug\cstr.obj
         Debug\define.obj
         Debug\dlist.obj
         Debug\linklist.obj
         Debug\main.obj
         Debug\slist.obj
         Debug\testlink.obj
         scl.vcxproj -> F:\mygithub\xBrain\SCL\scl\Debug\scl.exe
     1>已完成生成项目“F:\mygithub\xBrain\SCL\scl\scl\scl.vcxproj”(Build 个目标)的操作。

生成成功。

已用时间 00:00:00.31
